0 info it worked if it ends with ok
1 verbose cli [ 'node', '/home/david/.npm-packages/bin/npm', 'run', 'watch' ]
2 info using npm@2.9.0
3 info using node@v0.10.25
4 verbose node symlink /usr/bin/node
5 verbose run-script [ 'prewatch', 'watch', 'postwatch' ]
6 info prewatch davidxmoody.com@
7 info watch davidxmoody.com@
8 verbose unsafe-perm in lifecycle true
9 info davidxmoody.com@ Failed to exec watch script
10 verbose stack Error: davidxmoody.com@ watch: `gulp watch`
10 verbose stack Exit status 8
10 verbose stack     at EventEmitter.<anonymous> (/home/david/.npm-packages/lib/node_modules/npm/lib/utils/lifecycle.js:213:16)
10 verbose stack     at EventEmitter.emit (events.js:98:17)
10 verbose stack     at ChildProcess.<anonymous> (/home/david/.npm-packages/lib/node_modules/npm/lib/utils/spawn.js:24:14)
10 verbose stack     at ChildProcess.EventEmitter.emit (events.js:98:17)
10 verbose stack     at maybeClose (child_process.js:743:16)
10 verbose stack     at Process.ChildProcess._handle.onexit (child_process.js:810:5)
11 verbose pkgid davidxmoody.com@
12 verbose cwd /home/david/sync/space/blog
13 error Linux 3.13.0-37-generic
14 error argv "node" "/home/david/.npm-packages/bin/npm" "run" "watch"
15 error node v0.10.25
16 error npm  v2.9.0
17 error code ELIFECYCLE
18 error davidxmoody.com@ watch: `gulp watch`
18 error Exit status 8
19 error Failed at the davidxmoody.com@ watch script 'gulp watch'.
19 error This is most likely a problem with the davidxmoody.com package,
19 error not with npm itself.
19 error Tell the author that this fails on your system:
19 error     gulp watch
19 error You can get their info via:
19 error     npm owner ls davidxmoody.com
19 error There is likely additional logging output above.
20 verbose exit [ 1, true ]
